Сборка начата 02.10.2015 22:05:40.
     1>Проект "C:\Users\мк\Documents\Visual Studio 2010\Projects\2 курс\laba1var33\laba1var33\laba1var33.vcxproj" в узле 2 (целевые объекты build).
     1>InitializeBuildStatus:
         Создание "Debug\laba1var33.unsuccessfulbuild", так как было задано "AlwaysCreate".
       ClCompile:
         c:\Program Files (x86)\Microsoft Visual Studio 10.0\VC\bin\CL.exe /c /ZI /nologo /W3 /WX- /Od /Oy- /D WIN32 /D _DEBUG /D _CONSOLE /D _UNICODE /D UNICODE /Gm /EHsc /RTC1 /MDd /GS /fp:precise /Zc:wchar_t /Zc:forScope /Fo"Debug\\" /Fd"Debug\vc100.pdb" /Gd /TP /analyze- /errorReport:prompt laba1.cpp
         laba1.cpp
       ManifestResourceCompile:
         Для всех выходных данных обновления не требуется.
       Link:
         c:\Program Files (x86)\Microsoft Visual Studio 10.0\VC\bin\link.exe /ERRORREPORT:PROMPT /OUT:"C:\Users\мк\Documents\Visual Studio 2010\Projects\2 курс\laba1var33\Debug\laba1var33.exe" /INCREMENTAL /NOLOGO kernel32.lib user32.lib gdi32.lib winspool.lib comdlg32.lib advapi32.lib shell32.lib ole32.lib oleaut32.lib uuid.lib odbc32.lib odbccp32.lib /MANIFEST /ManifestFile:"Debug\laba1var33.exe.intermediate.manifest" /MANIFESTUAC:"level='asInvoker' uiAccess='false'" /DEBUG /PDB:"C:\Users\мк\Documents\Visual Studio 2010\Projects\2 курс\laba1var33\Debug\laba1var33.pdb" /SUBSYSTEM:CONSOLE /TLBID:1 /DYNAMICBASE /NXCOMPAT /IMPLIB:"C:\Users\мк\Documents\Visual Studio 2010\Projects\2 курс\laba1var33\Debug\laba1var33.lib" /MACHINE:X86 Debug\laba1var33.exe.embed.manifest.res
         Debug\laba1.obj
       Manifest:
         C:\Program Files (x86)\Microsoft SDKs\Windows\v7.0A\bin\mt.exe /nologo /verbose /out:"Debug\laba1var33.exe.embed.manifest" /manifest Debug\laba1var33.exe.intermediate.manifest
         Для всех выходных данных обновления не требуется.
       LinkEmbedManifest:
         Для всех выходных данных обновления не требуется.
         laba1var33.vcxproj -> C:\Users\мк\Documents\Visual Studio 2010\Projects\2 курс\laba1var33\Debug\laba1var33.exe
       FinalizeBuildStatus:
         Файл "Debug\laba1var33.unsuccessfulbuild" удаляется.
         Обращение к "Debug\laba1var33.lastbuildstate".
     1>Построение проекта "C:\Users\мк\Documents\Visual Studio 2010\Projects\2 курс\laba1var33\laba1var33\laba1var33.vcxproj" завершено (целевые объекты build).

Построение успешно завершено.

Затраченное время: 00:00:01.86
